INFO:root:Namespace(batch_size=16, block_size=128, checkpoint=None, earlystop=10, fold=5, input_size=64, input_type=1, json_path='/mnt/ExtData/pahsos/Data/data_split.json', log_dir='./log', lr=3e-05, masked=True, note='es10', num_epochs=200, optim='SGD', root_path='/mnt/ExtData/pahsos/Data/preprocessed', samples_per_patient=12, seed=147, start_epoch=0, start_fold=0)
INFO:root:👉 FOLD 0
INFO:root:Loading 12 blocks for each person
INFO:root:🟢 fold 0 epoch 0
INFO:root:-- train -- loss : 0.9142 | accuracy : 0.5375 | f1 : 0.4298 | pre : 0.2892 | recall : 0.8367 | auc : 0.6477
INFO:root:-- val --  val_loss : 0.5801, accuracy : 0.9111 | f1 : 0.8182 | pre : 0.6923 | recall : 1.0000 | auc : 0.9680
INFO:root:✅ get better accuracy 0.9111111111111111
INFO:root:✅ get better auc 0.9680266203703703
INFO:root:== best accuracy : 0.9111111111111111 in fold 0 epoch 0
INFO:root:== best AUC : 0.9680266203703703 in fold 0 epoch 0
INFO:root:🟢 fold 0 epoch 1
INFO:root:-- train -- loss : 0.7138 | accuracy : 0.7674 | f1 : 0.5988 | pre : 0.4673 | recall : 0.8333 | auc : 0.7917
INFO:root:-- val --  val_loss : 0.5097, accuracy : 0.8194 | f1 : 0.6860 | pre : 0.5259 | recall : 0.9861 | auc : 0.9841
INFO:root:✅ get better auc 0.9840856481481481
INFO:root:== best accuracy : 0.9111111111111111 in fold 0 epoch 0
INFO:root:== best AUC : 0.9840856481481481 in fold 0 epoch 0
INFO:root:🟢 fold 0 epoch 2
INFO:root:-- train -- loss : 0.6476 | accuracy : 0.8132 | f1 : 0.6547 | pre : 0.5324 | recall : 0.8500 | auc : 0.8268
INFO:root:-- val --  val_loss : 0.3476, accuracy : 0.9389 | f1 : 0.8659 | pre : 0.7717 | recall : 0.9861 | auc : 0.9820
INFO:root:✅ get better accuracy 0.9388888888888889
INFO:root:== best accuracy : 0.9388888888888889 in fold 0 epoch 2
INFO:root:== best AUC : 0.9840856481481481 in fold 0 epoch 2
INFO:root:🟢 fold 0 epoch 3
INFO:root:-- train -- loss : 0.6537 | accuracy : 0.7993 | f1 : 0.6419 | pre : 0.5108 | recall : 0.8633 | auc : 0.8229
INFO:root:-- val --  val_loss : 0.7246, accuracy : 0.8778 | f1 : 0.5600 | pre : 1.0000 | recall : 0.3889 | auc : 0.9790
INFO:root:== best accuracy : 0.9388888888888889 in fold 0 epoch 2
INFO:root:== best AUC : 0.9840856481481481 in fold 0 epoch 2
INFO:root:🟢 fold 0 epoch 4
INFO:root:-- train -- loss : 0.6308 | accuracy : 0.8243 | f1 : 0.6719 | pre : 0.5499 | recall : 0.8633 | auc : 0.8387
INFO:root:-- val --  val_loss : 0.3269, accuracy : 0.9722 | f1 : 0.9333 | pre : 0.8974 | recall : 0.9722 | auc : 0.9973
INFO:root:✅ get better accuracy 0.9722222222222222
INFO:root:✅ get better auc 0.9973476080246915
INFO:root:== best accuracy : 0.9722222222222222 in fold 0 epoch 4
INFO:root:== best AUC : 0.9973476080246915 in fold 0 epoch 4
INFO:root:🟢 fold 0 epoch 5
INFO:root:-- train -- loss : 0.6296 | accuracy : 0.8243 | f1 : 0.6719 | pre : 0.5499 | recall : 0.8633 | auc : 0.8387
INFO:root:-- val --  val_loss : 0.3767, accuracy : 0.9667 | f1 : 0.9118 | pre : 0.9688 | recall : 0.8611 | auc : 0.9941
INFO:root:== best accuracy : 0.9722222222222222 in fold 0 epoch 4
INFO:root:== best AUC : 0.9973476080246915 in fold 0 epoch 4
INFO:root:🟢 fold 0 epoch 6
INFO:root:-- train -- loss : 0.5973 | accuracy : 0.8403 | f1 : 0.6933 | pre : 0.5778 | recall : 0.8667 | auc : 0.8500
INFO:root:-- val --  val_loss : 0.2709, accuracy : 0.9861 | f1 : 0.9660 | pre : 0.9467 | recall : 0.9861 | auc : 0.9983
INFO:root:✅ get better accuracy 0.9861111111111112
INFO:root:✅ get better auc 0.9982638888888888
INFO:root:== best accuracy : 0.9861111111111112 in fold 0 epoch 6
INFO:root:== best AUC : 0.9982638888888888 in fold 0 epoch 6
INFO:root:🟢 fold 0 epoch 7
INFO:root:-- train -- loss : 0.5491 | accuracy : 0.8347 | f1 : 0.6909 | pre : 0.5660 | recall : 0.8867 | auc : 0.8539
INFO:root:-- val --  val_loss : 0.3130, accuracy : 0.9583 | f1 : 0.9032 | pre : 0.8434 | recall : 0.9722 | auc : 0.9914
INFO:root:== best accuracy : 0.9861111111111112 in fold 0 epoch 6
INFO:root:== best AUC : 0.9982638888888888 in fold 0 epoch 6
INFO:root:🟢 fold 0 epoch 8
INFO:root:-- train -- loss : 0.5368 | accuracy : 0.8576 | f1 : 0.7211 | pre : 0.6092 | recall : 0.8833 | auc : 0.8671
INFO:root:-- val --  val_loss : 3.0164, accuracy : 0.2333 | f1 : 0.3429 | pre : 0.2069 | recall : 1.0000 | auc : 0.7454
INFO:root:== best accuracy : 0.9861111111111112 in fold 0 epoch 6
INFO:root:== best AUC : 0.9982638888888888 in fold 0 epoch 6
INFO:root:🟢 fold 0 epoch 9
INFO:root:-- train -- loss : 0.5635 | accuracy : 0.8326 | f1 : 0.6906 | pre : 0.5616 | recall : 0.8967 | auc : 0.8562
INFO:root:-- val --  val_loss : 0.5793, accuracy : 0.7000 | f1 : 0.5714 | pre : 0.4000 | recall : 1.0000 | auc : 0.9911
INFO:root:== best accuracy : 0.9861111111111112 in fold 0 epoch 6
INFO:root:== best AUC : 0.9982638888888888 in fold 0 epoch 6
INFO:root:🟢 fold 0 epoch 10
INFO:root:-- train -- loss : 0.5059 | accuracy : 0.8597 | f1 : 0.7255 | pre : 0.6124 | recall : 0.8900 | auc : 0.8709
INFO:root:-- val --  val_loss : 1.2350, accuracy : 0.8417 | f1 : 0.3448 | pre : 1.0000 | recall : 0.2083 | auc : 0.9684
INFO:root:== best accuracy : 0.9861111111111112 in fold 0 epoch 6
INFO:root:== best AUC : 0.9982638888888888 in fold 0 epoch 6
INFO:root:🟢 fold 0 epoch 11
INFO:root:-- train -- loss : 0.5329 | accuracy : 0.8431 | f1 : 0.7003 | pre : 0.5815 | recall : 0.8800 | auc : 0.8567
INFO:root:-- val --  val_loss : 3.3745, accuracy : 0.8000 | f1 : 0.0000 | pre : 1.0000 | recall : 0.0000 | auc : 0.9435
INFO:root:== best accuracy : 0.9861111111111112 in fold 0 epoch 6
INFO:root:== best AUC : 0.9982638888888888 in fold 0 epoch 6
INFO:root:🟢 fold 0 epoch 12
INFO:root:-- train -- loss : 0.4974 | accuracy : 0.8479 | f1 : 0.7122 | pre : 0.5879 | recall : 0.9033 | auc : 0.8683
INFO:root:-- val --  val_loss : 2.3179, accuracy : 0.2028 | f1 : 0.3341 | pre : 0.2006 | recall : 1.0000 | auc : 0.9580
INFO:root:== best accuracy : 0.9861111111111112 in fold 0 epoch 6
INFO:root:== best AUC : 0.9982638888888888 in fold 0 epoch 6
INFO:root:🟢 fold 0 epoch 13
INFO:root:-- train -- loss : 0.4820 | accuracy : 0.8458 | f1 : 0.7071 | pre : 0.5852 | recall : 0.8933 | auc : 0.8633
INFO:root:-- val --  val_loss : 0.3829, accuracy : 0.8556 | f1 : 0.7320 | pre : 0.5820 | recall : 0.9861 | auc : 0.9859
INFO:root:== best accuracy : 0.9861111111111112 in fold 0 epoch 6
INFO:root:== best AUC : 0.9982638888888888 in fold 0 epoch 6
INFO:root:🟢 fold 0 epoch 14
INFO:root:-- train -- loss : 0.5163 | accuracy : 0.8396 | f1 : 0.7012 | pre : 0.5729 | recall : 0.9033 | auc : 0.8631
INFO:root:-- val --  val_loss : 1.9880, accuracy : 0.2500 | f1 : 0.3478 | pre : 0.2105 | recall : 1.0000 | auc : 0.9400
INFO:root:== best accuracy : 0.9861111111111112 in fold 0 epoch 6
INFO:root:== best AUC : 0.9982638888888888 in fold 0 epoch 6
INFO:root:🟢 fold 0 epoch 15
INFO:root:-- train -- loss : 0.4867 | accuracy : 0.8549 | f1 : 0.7217 | pre : 0.6009 | recall : 0.9033 | auc : 0.8727
INFO:root:-- val --  val_loss : 1.2040, accuracy : 0.3361 | f1 : 0.3760 | pre : 0.2315 | recall : 1.0000 | auc : 0.9813
INFO:root:== best accuracy : 0.9861111111111112 in fold 0 epoch 6
INFO:root:== best AUC : 0.9982638888888888 in fold 0 epoch 6
INFO:root:🟢 fold 0 epoch 16
INFO:root:-- train -- loss : 0.4794 | accuracy : 0.8493 | f1 : 0.7171 | pre : 0.5889 | recall : 0.9167 | auc : 0.8741
INFO:root:-- val --  val_loss : 0.8234, accuracy : 0.4583 | f1 : 0.4248 | pre : 0.2697 | recall : 1.0000 | auc : 0.9899
INFO:root:Early stop ! 
INFO:root:👉 FOLD 1
INFO:root:Loading 12 blocks for each person
INFO:root:🟢 fold 1 epoch 0
INFO:root:-- train -- loss : 0.8832 | accuracy : 0.5667 | f1 : 0.4507 | pre : 0.3062 | recall : 0.8533 | auc : 0.6723
INFO:root:-- val --  val_loss : 0.8664, accuracy : 0.8833 | f1 : 0.6719 | pre : 0.7679 | recall : 0.5972 | auc : 0.8742
INFO:root:✅ get better accuracy 0.8833333333333333
INFO:root:✅ get better auc 0.8742283950617284
INFO:root:== best accuracy : 0.8833333333333333 in fold 1 epoch 0
INFO:root:== best AUC : 0.8742283950617284 in fold 1 epoch 0
INFO:root:🟢 fold 1 epoch 1
INFO:root:-- train -- loss : 0.6282 | accuracy : 0.8181 | f1 : 0.6667 | pre : 0.5391 | recall : 0.8733 | auc : 0.8384
INFO:root:-- val --  val_loss : 0.7084, accuracy : 0.6806 | f1 : 0.5382 | pre : 0.3785 | recall : 0.9306 | auc : 0.8925
INFO:root:✅ get better auc 0.892505787037037
INFO:root:== best accuracy : 0.8833333333333333 in fold 1 epoch 0
INFO:root:== best AUC : 0.892505787037037 in fold 1 epoch 0
INFO:root:🟢 fold 1 epoch 2
INFO:root:-- train -- loss : 0.5647 | accuracy : 0.8465 | f1 : 0.7057 | pre : 0.5876 | recall : 0.8833 | auc : 0.8601
INFO:root:-- val --  val_loss : 1.3460, accuracy : 0.8556 | f1 : 0.5357 | pre : 0.7500 | recall : 0.4167 | auc : 0.8992
INFO:root:✅ get better auc 0.8991608796296297
INFO:root:== best accuracy : 0.8833333333333333 in fold 1 epoch 0
INFO:root:== best AUC : 0.8991608796296297 in fold 1 epoch 0
INFO:root:🟢 fold 1 epoch 3
INFO:root:-- train -- loss : 0.5409 | accuracy : 0.8514 | f1 : 0.7162 | pre : 0.5947 | recall : 0.9000 | auc : 0.8693
INFO:root:-- val --  val_loss : 2.1044, accuracy : 0.8472 | f1 : 0.4762 | pre : 0.7576 | recall : 0.3472 | auc : 0.8740
INFO:root:== best accuracy : 0.8833333333333333 in fold 1 epoch 0
INFO:root:== best AUC : 0.8991608796296297 in fold 1 epoch 0
INFO:root:🟢 fold 1 epoch 4
INFO:root:-- train -- loss : 0.5571 | accuracy : 0.8535 | f1 : 0.7129 | pre : 0.6023 | recall : 0.8733 | auc : 0.8608
INFO:root:-- val --  val_loss : 0.9856, accuracy : 0.9000 | f1 : 0.7273 | pre : 0.8000 | recall : 0.6667 | auc : 0.8951
INFO:root:✅ get better accuracy 0.9
INFO:root:== best accuracy : 0.9 in fold 1 epoch 4
INFO:root:== best AUC : 0.8991608796296297 in fold 1 epoch 4
INFO:root:🟢 fold 1 epoch 5
INFO:root:-- train -- loss : 0.5140 | accuracy : 0.8708 | f1 : 0.7466 | pre : 0.6313 | recall : 0.9133 | auc : 0.8865
INFO:root:-- val --  val_loss : 0.7514, accuracy : 0.7139 | f1 : 0.5579 | pre : 0.4037 | recall : 0.9028 | auc : 0.8899
INFO:root:== best accuracy : 0.9 in fold 1 epoch 4
INFO:root:== best AUC : 0.8991608796296297 in fold 1 epoch 4
INFO:root:🟢 fold 1 epoch 6
INFO:root:-- train -- loss : 0.5546 | accuracy : 0.8542 | f1 : 0.7170 | pre : 0.6018 | recall : 0.8867 | auc : 0.8661
INFO:root:-- val --  val_loss : 0.5923, accuracy : 0.8361 | f1 : 0.6667 | pre : 0.5619 | recall : 0.8194 | auc : 0.9188
INFO:root:✅ get better auc 0.9187885802469136
INFO:root:== best accuracy : 0.9 in fold 1 epoch 4
INFO:root:== best AUC : 0.9187885802469136 in fold 1 epoch 4
INFO:root:🟢 fold 1 epoch 7
INFO:root:-- train -- loss : 0.4691 | accuracy : 0.8944 | f1 : 0.7853 | pre : 0.6814 | recall : 0.9267 | auc : 0.9063
INFO:root:-- val --  val_loss : 0.8336, accuracy : 0.8833 | f1 : 0.7123 | pre : 0.7027 | recall : 0.7222 | auc : 0.9064
INFO:root:== best accuracy : 0.9 in fold 1 epoch 4
INFO:root:== best AUC : 0.9187885802469136 in fold 1 epoch 4
INFO:root:🟢 fold 1 epoch 8
INFO:root:-- train -- loss : 0.4275 | accuracy : 0.8903 | f1 : 0.7756 | pre : 0.6757 | recall : 0.9100 | auc : 0.8975
INFO:root:-- val --  val_loss : 1.4744, accuracy : 0.2972 | f1 : 0.3627 | pre : 0.2215 | recall : 1.0000 | auc : 0.8802
INFO:root:== best accuracy : 0.9 in fold 1 epoch 4
INFO:root:== best AUC : 0.9187885802469136 in fold 1 epoch 4
INFO:root:🟢 fold 1 epoch 9
INFO:root:-- train -- loss : 0.5067 | accuracy : 0.8708 | f1 : 0.7445 | pre : 0.6332 | recall : 0.9033 | auc : 0.8828
INFO:root:-- val --  val_loss : 0.7564, accuracy : 0.8667 | f1 : 0.6418 | pre : 0.6935 | recall : 0.5972 | auc : 0.9250
INFO:root:✅ get better auc 0.9250096450617284
INFO:root:== best accuracy : 0.9 in fold 1 epoch 4
INFO:root:== best AUC : 0.9250096450617284 in fold 1 epoch 4
INFO:root:🟢 fold 1 epoch 10
INFO:root:-- train -- loss : 0.4428 | accuracy : 0.8924 | f1 : 0.7801 | pre : 0.6790 | recall : 0.9167 | auc : 0.9013
INFO:root:-- val --  val_loss : 1.5215, accuracy : 0.8917 | f1 : 0.6929 | pre : 0.8000 | recall : 0.6111 | auc : 0.9020
INFO:root:== best accuracy : 0.9 in fold 1 epoch 4
INFO:root:== best AUC : 0.9250096450617284 in fold 1 epoch 4
INFO:root:🟢 fold 1 epoch 11
INFO:root:-- train -- loss : 0.4871 | accuracy : 0.8715 | f1 : 0.7455 | pre : 0.6347 | recall : 0.9033 | auc : 0.8832
INFO:root:-- val --  val_loss : 0.6424, accuracy : 0.8500 | f1 : 0.6932 | pre : 0.5865 | recall : 0.8472 | auc : 0.9086
INFO:root:== best accuracy : 0.9 in fold 1 epoch 4
INFO:root:== best AUC : 0.9250096450617284 in fold 1 epoch 4
INFO:root:🟢 fold 1 epoch 12
INFO:root:-- train -- loss : 0.3999 | accuracy : 0.8917 | f1 : 0.7784 | pre : 0.6782 | recall : 0.9133 | auc : 0.8996
INFO:root:-- val --  val_loss : 2.2270, accuracy : 0.8583 | f1 : 0.5234 | pre : 0.8000 | recall : 0.3889 | auc : 0.9026
INFO:root:== best accuracy : 0.9 in fold 1 epoch 4
INFO:root:== best AUC : 0.9250096450617284 in fold 1 epoch 4
INFO:root:🟢 fold 1 epoch 13
INFO:root:-- train -- loss : 0.3812 | accuracy : 0.9139 | f1 : 0.8187 | pre : 0.7292 | recall : 0.9333 | auc : 0.9211
INFO:root:-- val --  val_loss : 2.1541, accuracy : 0.2194 | f1 : 0.3388 | pre : 0.2040 | recall : 1.0000 | auc : 0.8750
INFO:root:== best accuracy : 0.9 in fold 1 epoch 4
INFO:root:== best AUC : 0.9250096450617284 in fold 1 epoch 4
INFO:root:🟢 fold 1 epoch 14
INFO:root:-- train -- loss : 0.4726 | accuracy : 0.8826 | f1 : 0.7650 | pre : 0.6563 | recall : 0.9167 | auc : 0.8952
INFO:root:-- val --  val_loss : 0.6777, accuracy : 0.8972 | f1 : 0.7613 | pre : 0.7108 | recall : 0.8194 | auc : 0.9200
INFO:root:== best accuracy : 0.9 in fold 1 epoch 4
INFO:root:== best AUC : 0.9250096450617284 in fold 1 epoch 4
INFO:root:🟢 fold 1 epoch 15
INFO:root:-- train -- loss : 0.4249 | accuracy : 0.8979 | f1 : 0.7885 | pre : 0.6937 | recall : 0.9133 | auc : 0.9036
INFO:root:-- val --  val_loss : 3.9195, accuracy : 0.2000 | f1 : 0.3333 | pre : 0.2000 | recall : 1.0000 | auc : 0.8641
INFO:root:== best accuracy : 0.9 in fold 1 epoch 4
INFO:root:== best AUC : 0.9250096450617284 in fold 1 epoch 4
INFO:root:🟢 fold 1 epoch 16
INFO:root:-- train -- loss : 0.4113 | accuracy : 0.8993 | f1 : 0.7926 | pre : 0.6942 | recall : 0.9233 | auc : 0.9082
INFO:root:-- val --  val_loss : 1.0179, accuracy : 0.8944 | f1 : 0.7164 | pre : 0.7742 | recall : 0.6667 | auc : 0.9303
INFO:root:Early stop ! 
INFO:root:👉 FOLD 2
INFO:root:Loading 12 blocks for each person
INFO:root:🟢 fold 2 epoch 0
INFO:root:-- train -- loss : 0.8963 | accuracy : 0.5576 | f1 : 0.4417 | pre : 0.2996 | recall : 0.8400 | auc : 0.6617
INFO:root:-- val --  val_loss : 0.6558, accuracy : 0.8389 | f1 : 0.6813 | pre : 0.5636 | recall : 0.8611 | auc : 0.9043
INFO:root:✅ get better accuracy 0.8388888888888889
INFO:root:✅ get better auc 0.9043209876543209
INFO:root:== best accuracy : 0.8388888888888889 in fold 2 epoch 0
INFO:root:== best AUC : 0.9043209876543209 in fold 2 epoch 0
INFO:root:🟢 fold 2 epoch 1
INFO:root:-- train -- loss : 0.6529 | accuracy : 0.8271 | f1 : 0.6787 | pre : 0.5537 | recall : 0.8767 | auc : 0.8454
INFO:root:-- val --  val_loss : 1.0362, accuracy : 0.3278 | f1 : 0.3731 | pre : 0.2293 | recall : 1.0000 | auc : 0.9177
INFO:root:✅ get better auc 0.9176793981481481
INFO:root:== best accuracy : 0.8388888888888889 in fold 2 epoch 0
INFO:root:== best AUC : 0.9176793981481481 in fold 2 epoch 0
INFO:root:🟢 fold 2 epoch 2
INFO:root:-- train -- loss : 0.6135 | accuracy : 0.8160 | f1 : 0.6658 | pre : 0.5355 | recall : 0.8800 | auc : 0.8396
INFO:root:-- val --  val_loss : 0.5848, accuracy : 0.8528 | f1 : 0.7006 | pre : 0.5905 | recall : 0.8611 | auc : 0.9218
INFO:root:✅ get better accuracy 0.8527777777777777
INFO:root:✅ get better auc 0.9218267746913581
INFO:root:== best accuracy : 0.8527777777777777 in fold 2 epoch 2
INFO:root:== best AUC : 0.9218267746913581 in fold 2 epoch 2
INFO:root:🟢 fold 2 epoch 3
INFO:root:-- train -- loss : 0.5723 | accuracy : 0.8438 | f1 : 0.7012 | pre : 0.5828 | recall : 0.8800 | auc : 0.8571
INFO:root:-- val --  val_loss : 0.5873, accuracy : 0.8667 | f1 : 0.7273 | pre : 0.6154 | recall : 0.8889 | auc : 0.9176
INFO:root:✅ get better accuracy 0.8666666666666667
INFO:root:== best accuracy : 0.8666666666666667 in fold 2 epoch 3
INFO:root:== best AUC : 0.9218267746913581 in fold 2 epoch 3
INFO:root:🟢 fold 2 epoch 4
INFO:root:-- train -- loss : 0.5549 | accuracy : 0.8389 | f1 : 0.6915 | pre : 0.5752 | recall : 0.8667 | auc : 0.8491
INFO:root:-- val --  val_loss : 0.6680, accuracy : 0.7194 | f1 : 0.5809 | pre : 0.4142 | recall : 0.9722 | auc : 0.9377
INFO:root:✅ get better auc 0.9377411265432098
INFO:root:== best accuracy : 0.8666666666666667 in fold 2 epoch 3
INFO:root:== best AUC : 0.9377411265432098 in fold 2 epoch 3
INFO:root:🟢 fold 2 epoch 5
INFO:root:-- train -- loss : 0.5430 | accuracy : 0.8486 | f1 : 0.7070 | pre : 0.5923 | recall : 0.8767 | auc : 0.8589
INFO:root:-- val --  val_loss : 2.1622, accuracy : 0.8500 | f1 : 0.4000 | pre : 1.0000 | recall : 0.2500 | auc : 0.9022
INFO:root:== best accuracy : 0.8666666666666667 in fold 2 epoch 3
INFO:root:== best AUC : 0.9377411265432098 in fold 2 epoch 3
INFO:root:🟢 fold 2 epoch 6
INFO:root:-- train -- loss : 0.5327 | accuracy : 0.8715 | f1 : 0.7398 | pre : 0.6399 | recall : 0.8767 | auc : 0.8734
INFO:root:-- val --  val_loss : 0.5789, accuracy : 0.8722 | f1 : 0.7294 | pre : 0.6327 | recall : 0.8611 | auc : 0.9334
INFO:root:✅ get better accuracy 0.8722222222222222
INFO:root:== best accuracy : 0.8722222222222222 in fold 2 epoch 6
INFO:root:== best AUC : 0.9377411265432098 in fold 2 epoch 6
INFO:root:🟢 fold 2 epoch 7
INFO:root:-- train -- loss : 0.5210 | accuracy : 0.8493 | f1 : 0.7111 | pre : 0.5920 | recall : 0.8900 | auc : 0.8643
INFO:root:-- val --  val_loss : 0.9399, accuracy : 0.9056 | f1 : 0.7536 | pre : 0.7879 | recall : 0.7222 | auc : 0.9255
INFO:root:✅ get better accuracy 0.9055555555555556
INFO:root:== best accuracy : 0.9055555555555556 in fold 2 epoch 7
INFO:root:== best AUC : 0.9377411265432098 in fold 2 epoch 7
INFO:root:🟢 fold 2 epoch 8
INFO:root:-- train -- loss : 0.5245 | accuracy : 0.8736 | f1 : 0.7422 | pre : 0.6453 | recall : 0.8733 | auc : 0.8735
INFO:root:-- val --  val_loss : 0.9009, accuracy : 0.5500 | f1 : 0.4706 | pre : 0.3077 | recall : 1.0000 | auc : 0.9261
INFO:root:== best accuracy : 0.9055555555555556 in fold 2 epoch 7
INFO:root:== best AUC : 0.9377411265432098 in fold 2 epoch 7
INFO:root:🟢 fold 2 epoch 9
INFO:root:-- train -- loss : 0.5472 | accuracy : 0.8458 | f1 : 0.7071 | pre : 0.5852 | recall : 0.8933 | auc : 0.8633
INFO:root:-- val --  val_loss : 0.5145, accuracy : 0.8917 | f1 : 0.7607 | pre : 0.6813 | recall : 0.8611 | auc : 0.9427
INFO:root:✅ get better auc 0.9427083333333334
INFO:root:== best accuracy : 0.9055555555555556 in fold 2 epoch 7
INFO:root:== best AUC : 0.9427083333333334 in fold 2 epoch 7
INFO:root:🟢 fold 2 epoch 10
INFO:root:-- train -- loss : 0.4740 | accuracy : 0.8750 | f1 : 0.7479 | pre : 0.6449 | recall : 0.8900 | auc : 0.8805
INFO:root:-- val --  val_loss : 0.9520, accuracy : 0.8917 | f1 : 0.7383 | pre : 0.7143 | recall : 0.7639 | auc : 0.9104
INFO:root:== best accuracy : 0.9055555555555556 in fold 2 epoch 7
INFO:root:== best AUC : 0.9427083333333334 in fold 2 epoch 7
INFO:root:🟢 fold 2 epoch 11
INFO:root:-- train -- loss : 0.4829 | accuracy : 0.8729 | f1 : 0.7462 | pre : 0.6390 | recall : 0.8967 | auc : 0.8817
INFO:root:-- val --  val_loss : 1.4724, accuracy : 0.8722 | f1 : 0.5741 | pre : 0.8611 | recall : 0.4306 | auc : 0.9299
INFO:root:== best accuracy : 0.9055555555555556 in fold 2 epoch 7
INFO:root:== best AUC : 0.9427083333333334 in fold 2 epoch 7
INFO:root:🟢 fold 2 epoch 12
INFO:root:-- train -- loss : 0.4804 | accuracy : 0.8646 | f1 : 0.7340 | pre : 0.6212 | recall : 0.8967 | auc : 0.8764
INFO:root:-- val --  val_loss : 0.6447, accuracy : 0.9083 | f1 : 0.7815 | pre : 0.7468 | recall : 0.8194 | auc : 0.9443
INFO:root:✅ get better accuracy 0.9083333333333333
INFO:root:✅ get better auc 0.9442515432098766
INFO:root:== best accuracy : 0.9083333333333333 in fold 2 epoch 12
INFO:root:== best AUC : 0.9442515432098766 in fold 2 epoch 12
INFO:root:🟢 fold 2 epoch 13
INFO:root:-- train -- loss : 0.4824 | accuracy : 0.8708 | f1 : 0.7438 | pre : 0.6338 | recall : 0.9000 | auc : 0.8816
INFO:root:-- val --  val_loss : 0.6194, accuracy : 0.9111 | f1 : 0.7922 | pre : 0.7439 | recall : 0.8472 | auc : 0.9391
INFO:root:✅ get better accuracy 0.9111111111111111
INFO:root:== best accuracy : 0.9111111111111111 in fold 2 epoch 13
INFO:root:== best AUC : 0.9442515432098766 in fold 2 epoch 13
INFO:root:🟢 fold 2 epoch 14
INFO:root:-- train -- loss : 0.4948 | accuracy : 0.8708 | f1 : 0.7486 | pre : 0.6295 | recall : 0.9233 | auc : 0.8902
INFO:root:-- val --  val_loss : 0.4354, accuracy : 0.8917 | f1 : 0.7607 | pre : 0.6813 | recall : 0.8611 | auc : 0.9521
INFO:root:✅ get better auc 0.9520640432098765
INFO:root:== best accuracy : 0.9111111111111111 in fold 2 epoch 13
INFO:root:== best AUC : 0.9520640432098765 in fold 2 epoch 13
INFO:root:🟢 fold 2 epoch 15
INFO:root:-- train -- loss : 0.4292 | accuracy : 0.8785 | f1 : 0.7546 | pre : 0.6513 | recall : 0.8967 | auc : 0.8852
INFO:root:-- val --  val_loss : 1.5495, accuracy : 0.2861 | f1 : 0.3591 | pre : 0.2188 | recall : 1.0000 | auc : 0.9319
INFO:root:== best accuracy : 0.9111111111111111 in fold 2 epoch 13
INFO:root:== best AUC : 0.9520640432098765 in fold 2 epoch 13
INFO:root:🟢 fold 2 epoch 16
INFO:root:-- train -- loss : 0.3884 | accuracy : 0.8903 | f1 : 0.7806 | pre : 0.6690 | recall : 0.9367 | auc : 0.9074
INFO:root:-- val --  val_loss : 0.7235, accuracy : 0.8972 | f1 : 0.7550 | pre : 0.7215 | recall : 0.7917 | auc : 0.9432
INFO:root:== best accuracy : 0.9111111111111111 in fold 2 epoch 13
INFO:root:== best AUC : 0.9520640432098765 in fold 2 epoch 13
INFO:root:🟢 fold 2 epoch 17
INFO:root:-- train -- loss : 0.4653 | accuracy : 0.8729 | f1 : 0.7469 | pre : 0.6383 | recall : 0.9000 | auc : 0.8829
INFO:root:-- val --  val_loss : 0.6573, accuracy : 0.7222 | f1 : 0.5798 | pre : 0.4157 | recall : 0.9583 | auc : 0.9364
INFO:root:== best accuracy : 0.9111111111111111 in fold 2 epoch 13
INFO:root:== best AUC : 0.9520640432098765 in fold 2 epoch 13
INFO:root:🟢 fold 2 epoch 18
INFO:root:-- train -- loss : 0.4592 | accuracy : 0.8889 | f1 : 0.7759 | pre : 0.6691 | recall : 0.9233 | auc : 0.9016
INFO:root:-- val --  val_loss : 1.4455, accuracy : 0.3111 | f1 : 0.3673 | pre : 0.2250 | recall : 1.0000 | auc : 0.9380
INFO:root:== best accuracy : 0.9111111111111111 in fold 2 epoch 13
INFO:root:== best AUC : 0.9520640432098765 in fold 2 epoch 13
INFO:root:🟢 fold 2 epoch 19
INFO:root:-- train -- loss : 0.3858 | accuracy : 0.8910 | f1 : 0.7816 | pre : 0.6706 | recall : 0.9367 | auc : 0.9078
INFO:root:-- val --  val_loss : 0.6651, accuracy : 0.7139 | f1 : 0.5726 | pre : 0.4083 | recall : 0.9583 | auc : 0.9425
INFO:root:== best accuracy : 0.9111111111111111 in fold 2 epoch 13
INFO:root:== best AUC : 0.9520640432098765 in fold 2 epoch 13
INFO:root:🟢 fold 2 epoch 20
INFO:root:-- train -- loss : 0.4017 | accuracy : 0.8785 | f1 : 0.7613 | pre : 0.6443 | recall : 0.9300 | auc : 0.8975
INFO:root:-- val --  val_loss : 0.4775, accuracy : 0.8639 | f1 : 0.7351 | pre : 0.6018 | recall : 0.9444 | auc : 0.9437
INFO:root:== best accuracy : 0.9111111111111111 in fold 2 epoch 13
INFO:root:== best AUC : 0.9520640432098765 in fold 2 epoch 13
INFO:root:🟢 fold 2 epoch 21
INFO:root:-- train -- loss : 0.3972 | accuracy : 0.8868 | f1 : 0.7714 | pre : 0.6659 | recall : 0.9167 | auc : 0.8978
INFO:root:-- val --  val_loss : 0.9477, accuracy : 0.9028 | f1 : 0.7552 | pre : 0.7606 | recall : 0.7500 | auc : 0.9324
INFO:root:== best accuracy : 0.9111111111111111 in fold 2 epoch 13
INFO:root:== best AUC : 0.9520640432098765 in fold 2 epoch 13
INFO:root:🟢 fold 2 epoch 22
INFO:root:-- train -- loss : 0.3613 | accuracy : 0.8944 | f1 : 0.7877 | pre : 0.6779 | recall : 0.9400 | auc : 0.9112
INFO:root:-- val --  val_loss : 1.7013, accuracy : 0.3139 | f1 : 0.3683 | pre : 0.2257 | recall : 1.0000 | auc : 0.9305
INFO:root:== best accuracy : 0.9111111111111111 in fold 2 epoch 13
INFO:root:== best AUC : 0.9520640432098765 in fold 2 epoch 13
INFO:root:🟢 fold 2 epoch 23
INFO:root:-- train -- loss : 0.3790 | accuracy : 0.8868 | f1 : 0.7739 | pre : 0.6627 | recall : 0.9300 | auc : 0.9027
INFO:root:-- val --  val_loss : 1.8380, accuracy : 0.2361 | f1 : 0.3437 | pre : 0.2075 | recall : 1.0000 | auc : 0.9279
INFO:root:== best accuracy : 0.9111111111111111 in fold 2 epoch 13
INFO:root:== best AUC : 0.9520640432098765 in fold 2 epoch 13
INFO:root:🟢 fold 2 epoch 24
INFO:root:-- train -- loss : 0.3782 | accuracy : 0.8910 | f1 : 0.7786 | pre : 0.6748 | recall : 0.9200 | auc : 0.9017
INFO:root:-- val --  val_loss : 0.5121, accuracy : 0.8944 | f1 : 0.7765 | pre : 0.6735 | recall : 0.9167 | auc : 0.9538
INFO:root:Early stop ! 
INFO:root:👉 FOLD 3
INFO:root:Loading 12 blocks for each person
INFO:root:🟢 fold 3 epoch 0
INFO:root:-- train -- loss : 0.9052 | accuracy : 0.5507 | f1 : 0.4339 | pre : 0.2942 | recall : 0.8267 | auc : 0.6524
INFO:root:-- val --  val_loss : 0.6185, accuracy : 0.7528 | f1 : 0.6180 | pre : 0.4472 | recall : 1.0000 | auc : 0.9700
INFO:root:✅ get better accuracy 0.7527777777777778
INFO:root:✅ get better auc 0.9700038580246915
INFO:root:== best accuracy : 0.7527777777777778 in fold 3 epoch 0
INFO:root:== best AUC : 0.9700038580246915 in fold 3 epoch 0
INFO:root:🟢 fold 3 epoch 1
INFO:root:-- train -- loss : 0.6989 | accuracy : 0.7854 | f1 : 0.6209 | pre : 0.4913 | recall : 0.8433 | auc : 0.8068
INFO:root:-- val --  val_loss : 1.1634, accuracy : 0.2583 | f1 : 0.3504 | pre : 0.2124 | recall : 1.0000 | auc : 0.9375
INFO:root:== best accuracy : 0.7527777777777778 in fold 3 epoch 0
INFO:root:== best AUC : 0.9700038580246915 in fold 3 epoch 0
INFO:root:🟢 fold 3 epoch 2
INFO:root:-- train -- loss : 0.6563 | accuracy : 0.7965 | f1 : 0.6387 | pre : 0.5068 | recall : 0.8633 | auc : 0.8211
INFO:root:-- val --  val_loss : 0.6333, accuracy : 0.6556 | f1 : 0.5373 | pre : 0.3673 | recall : 1.0000 | auc : 0.9797
INFO:root:✅ get better auc 0.9797453703703703
INFO:root:== best accuracy : 0.7527777777777778 in fold 3 epoch 0
INFO:root:== best AUC : 0.9797453703703703 in fold 3 epoch 0
INFO:root:🟢 fold 3 epoch 3
INFO:root:-- train -- loss : 0.6166 | accuracy : 0.8181 | f1 : 0.6641 | pre : 0.5396 | recall : 0.8633 | auc : 0.8347
INFO:root:-- val --  val_loss : 1.6230, accuracy : 0.2111 | f1 : 0.3364 | pre : 0.2022 | recall : 1.0000 | auc : 0.8244
INFO:root:== best accuracy : 0.7527777777777778 in fold 3 epoch 0
INFO:root:== best AUC : 0.9797453703703703 in fold 3 epoch 0
INFO:root:🟢 fold 3 epoch 4
INFO:root:-- train -- loss : 0.6169 | accuracy : 0.8167 | f1 : 0.6624 | pre : 0.5373 | recall : 0.8633 | auc : 0.8339
INFO:root:-- val --  val_loss : 0.6076, accuracy : 0.6694 | f1 : 0.5475 | pre : 0.3770 | recall : 1.0000 | auc : 0.9823
INFO:root:✅ get better auc 0.9822530864197531
INFO:root:== best accuracy : 0.7527777777777778 in fold 3 epoch 0
INFO:root:== best AUC : 0.9822530864197531 in fold 3 epoch 0
INFO:root:🟢 fold 3 epoch 5
INFO:root:-- train -- loss : 0.5944 | accuracy : 0.8201 | f1 : 0.6623 | pre : 0.5439 | recall : 0.8467 | auc : 0.8299
INFO:root:-- val --  val_loss : 1.1666, accuracy : 0.3306 | f1 : 0.3740 | pre : 0.2300 | recall : 1.0000 | auc : 0.9342
INFO:root:== best accuracy : 0.7527777777777778 in fold 3 epoch 0
INFO:root:== best AUC : 0.9822530864197531 in fold 3 epoch 0
INFO:root:🟢 fold 3 epoch 6
INFO:root:-- train -- loss : 0.5859 | accuracy : 0.8201 | f1 : 0.6658 | pre : 0.5432 | recall : 0.8600 | auc : 0.8348
INFO:root:-- val --  val_loss : 0.3438, accuracy : 0.8944 | f1 : 0.7912 | pre : 0.6545 | recall : 1.0000 | auc : 0.9891
INFO:root:✅ get better accuracy 0.8944444444444445
INFO:root:✅ get better auc 0.9891010802469136
INFO:root:== best accuracy : 0.8944444444444445 in fold 3 epoch 6
INFO:root:== best AUC : 0.9891010802469136 in fold 3 epoch 6
INFO:root:🟢 fold 3 epoch 7
INFO:root:-- train -- loss : 0.5484 | accuracy : 0.8417 | f1 : 0.7016 | pre : 0.5776 | recall : 0.8933 | auc : 0.8607
INFO:root:-- val --  val_loss : 0.8309, accuracy : 0.5000 | f1 : 0.4444 | pre : 0.2857 | recall : 1.0000 | auc : 0.9683
INFO:root:== best accuracy : 0.8944444444444445 in fold 3 epoch 6
INFO:root:== best AUC : 0.9891010802469136 in fold 3 epoch 6
INFO:root:🟢 fold 3 epoch 8
INFO:root:-- train -- loss : 0.5340 | accuracy : 0.8549 | f1 : 0.7164 | pre : 0.6041 | recall : 0.8800 | auc : 0.8641
INFO:root:-- val --  val_loss : 0.7482, accuracy : 0.5583 | f1 : 0.4752 | pre : 0.3117 | recall : 1.0000 | auc : 0.9701
INFO:root:== best accuracy : 0.8944444444444445 in fold 3 epoch 6
INFO:root:== best AUC : 0.9891010802469136 in fold 3 epoch 6
INFO:root:🟢 fold 3 epoch 9
INFO:root:-- train -- loss : 0.5659 | accuracy : 0.8243 | f1 : 0.6769 | pre : 0.5487 | recall : 0.8833 | auc : 0.8461
INFO:root:-- val --  val_loss : 0.5129, accuracy : 0.7444 | f1 : 0.6102 | pre : 0.4390 | recall : 1.0000 | auc : 0.9875
INFO:root:== best accuracy : 0.8944444444444445 in fold 3 epoch 6
INFO:root:== best AUC : 0.9891010802469136 in fold 3 epoch 6
INFO:root:🟢 fold 3 epoch 10
INFO:root:-- train -- loss : 0.5022 | accuracy : 0.8569 | f1 : 0.7239 | pre : 0.6054 | recall : 0.9000 | auc : 0.8728
INFO:root:-- val --  val_loss : 0.5703, accuracy : 0.6639 | f1 : 0.5434 | pre : 0.3731 | recall : 1.0000 | auc : 0.9852
INFO:root:== best accuracy : 0.8944444444444445 in fold 3 epoch 6
INFO:root:== best AUC : 0.9891010802469136 in fold 3 epoch 6
INFO:root:🟢 fold 3 epoch 11
INFO:root:-- train -- loss : 0.5136 | accuracy : 0.8632 | f1 : 0.7283 | pre : 0.6212 | recall : 0.8800 | auc : 0.8694
INFO:root:-- val --  val_loss : 0.3738, accuracy : 0.8556 | f1 : 0.7292 | pre : 0.5833 | recall : 0.9722 | auc : 0.9812
INFO:root:== best accuracy : 0.8944444444444445 in fold 3 epoch 6
INFO:root:== best AUC : 0.9891010802469136 in fold 3 epoch 6
INFO:root:🟢 fold 3 epoch 12
INFO:root:-- train -- loss : 0.4652 | accuracy : 0.8549 | f1 : 0.7232 | pre : 0.6000 | recall : 0.9100 | auc : 0.8752
INFO:root:-- val --  val_loss : 1.4346, accuracy : 0.2500 | f1 : 0.3478 | pre : 0.2105 | recall : 1.0000 | auc : 0.9604
INFO:root:== best accuracy : 0.8944444444444445 in fold 3 epoch 6
INFO:root:== best AUC : 0.9891010802469136 in fold 3 epoch 6
INFO:root:🟢 fold 3 epoch 13
INFO:root:-- train -- loss : 0.5139 | accuracy : 0.8542 | f1 : 0.7200 | pre : 0.6000 | recall : 0.9000 | auc : 0.8711
INFO:root:-- val --  val_loss : 0.7005, accuracy : 0.6083 | f1 : 0.5053 | pre : 0.3380 | recall : 1.0000 | auc : 0.9758
INFO:root:== best accuracy : 0.8944444444444445 in fold 3 epoch 6
INFO:root:== best AUC : 0.9891010802469136 in fold 3 epoch 6
INFO:root:🟢 fold 3 epoch 14
INFO:root:-- train -- loss : 0.5076 | accuracy : 0.8444 | f1 : 0.7068 | pre : 0.5819 | recall : 0.9000 | auc : 0.8649
INFO:root:-- val --  val_loss : 0.8176, accuracy : 0.8944 | f1 : 0.6481 | pre : 0.9722 | recall : 0.4861 | auc : 0.9885
INFO:root:== best accuracy : 0.8944444444444445 in fold 3 epoch 6
INFO:root:== best AUC : 0.9891010802469136 in fold 3 epoch 6
INFO:root:🟢 fold 3 epoch 15
INFO:root:-- train -- loss : 0.4630 | accuracy : 0.8597 | f1 : 0.7299 | pre : 0.6094 | recall : 0.9100 | auc : 0.8782
INFO:root:-- val --  val_loss : 1.5062, accuracy : 0.2444 | f1 : 0.3462 | pre : 0.2093 | recall : 1.0000 | auc : 0.9702
INFO:root:== best accuracy : 0.8944444444444445 in fold 3 epoch 6
INFO:root:== best AUC : 0.9891010802469136 in fold 3 epoch 6
INFO:root:🟢 fold 3 epoch 16
INFO:root:-- train -- loss : 0.4058 | accuracy : 0.8833 | f1 : 0.7654 | pre : 0.6587 | recall : 0.9133 | auc : 0.8944
INFO:root:-- val --  val_loss : 2.2209, accuracy : 0.2000 | f1 : 0.3333 | pre : 0.2000 | recall : 1.0000 | auc : 0.9380
INFO:root:Early stop ! 
INFO:root:👉 FOLD 4
INFO:root:Loading 12 blocks for each person
INFO:root:🟢 fold 4 epoch 0
INFO:root:-- train -- loss : 0.8701 | accuracy : 0.5826 | f1 : 0.4357 | pre : 0.2986 | recall : 0.8056 | auc : 0.6662
INFO:root:-- val --  val_loss : 1.1883, accuracy : 0.8611 | f1 : 0.6212 | pre : 0.8542 | recall : 0.4881 | auc : 0.8483
INFO:root:✅ get better accuracy 0.8611111111111112
INFO:root:✅ get better auc 0.848343685300207
INFO:root:== best accuracy : 0.8611111111111112 in fold 4 epoch 0
INFO:root:== best AUC : 0.848343685300207 in fold 4 epoch 0
INFO:root:🟢 fold 4 epoch 1
INFO:root:-- train -- loss : 0.6210 | accuracy : 0.8347 | f1 : 0.6801 | pre : 0.5548 | recall : 0.8785 | auc : 0.8511
INFO:root:-- val --  val_loss : 1.0760, accuracy : 0.8694 | f1 : 0.6803 | pre : 0.7937 | recall : 0.5952 | auc : 0.8830
INFO:root:✅ get better accuracy 0.8694444444444445
INFO:root:✅ get better auc 0.882979641131815
INFO:root:== best accuracy : 0.8694444444444445 in fold 4 epoch 1
INFO:root:== best AUC : 0.882979641131815 in fold 4 epoch 1
INFO:root:🟢 fold 4 epoch 2
INFO:root:-- train -- loss : 0.5635 | accuracy : 0.8646 | f1 : 0.7226 | pre : 0.6120 | recall : 0.8819 | auc : 0.8711
INFO:root:-- val --  val_loss : 0.6464, accuracy : 0.7444 | f1 : 0.6198 | pre : 0.4747 | recall : 0.8929 | auc : 0.9031
INFO:root:✅ get better auc 0.9030797101449275
INFO:root:== best accuracy : 0.8694444444444445 in fold 4 epoch 1
INFO:root:== best AUC : 0.9030797101449275 in fold 4 epoch 1
INFO:root:🟢 fold 4 epoch 3
INFO:root:-- train -- loss : 0.5034 | accuracy : 0.8722 | f1 : 0.7401 | pre : 0.6238 | recall : 0.9097 | auc : 0.8863
INFO:root:-- val --  val_loss : 1.8005, accuracy : 0.8583 | f1 : 0.6047 | pre : 0.8667 | recall : 0.4643 | auc : 0.8849
INFO:root:== best accuracy : 0.8694444444444445 in fold 4 epoch 1
INFO:root:== best AUC : 0.9030797101449275 in fold 4 epoch 1
INFO:root:🟢 fold 4 epoch 4
INFO:root:-- train -- loss : 0.5306 | accuracy : 0.8708 | f1 : 0.7350 | pre : 0.6232 | recall : 0.8958 | auc : 0.8802
INFO:root:-- val --  val_loss : 0.6839, accuracy : 0.7833 | f1 : 0.6486 | pre : 0.5217 | recall : 0.8571 | auc : 0.8965
INFO:root:== best accuracy : 0.8694444444444445 in fold 4 epoch 1
INFO:root:== best AUC : 0.9030797101449275 in fold 4 epoch 1
INFO:root:🟢 fold 4 epoch 5
INFO:root:-- train -- loss : 0.5146 | accuracy : 0.8750 | f1 : 0.7421 | pre : 0.6317 | recall : 0.8993 | auc : 0.8841
INFO:root:-- val --  val_loss : 0.6546, accuracy : 0.7528 | f1 : 0.6245 | pre : 0.4837 | recall : 0.8810 | auc : 0.8993
INFO:root:== best accuracy : 0.8694444444444445 in fold 4 epoch 1
INFO:root:== best AUC : 0.9030797101449275 in fold 4 epoch 1
INFO:root:🟢 fold 4 epoch 6
INFO:root:-- train -- loss : 0.5309 | accuracy : 0.8750 | f1 : 0.7414 | pre : 0.6324 | recall : 0.8958 | auc : 0.8828
INFO:root:-- val --  val_loss : 1.0078, accuracy : 0.8806 | f1 : 0.7075 | pre : 0.8254 | recall : 0.6190 | auc : 0.9132
INFO:root:✅ get better accuracy 0.8805555555555555
INFO:root:✅ get better auc 0.913216011042098
INFO:root:== best accuracy : 0.8805555555555555 in fold 4 epoch 6
INFO:root:== best AUC : 0.913216011042098 in fold 4 epoch 6
INFO:root:🟢 fold 4 epoch 7
INFO:root:-- train -- loss : 0.4515 | accuracy : 0.8951 | f1 : 0.7796 | pre : 0.6725 | recall : 0.9271 | auc : 0.9071
INFO:root:-- val --  val_loss : 1.7616, accuracy : 0.8806 | f1 : 0.6667 | pre : 0.9556 | recall : 0.5119 | auc : 0.9131
INFO:root:== best accuracy : 0.8805555555555555 in fold 4 epoch 6
INFO:root:== best AUC : 0.913216011042098 in fold 4 epoch 6
INFO:root:🟢 fold 4 epoch 8
INFO:root:-- train -- loss : 0.4621 | accuracy : 0.8910 | f1 : 0.7674 | pre : 0.6693 | recall : 0.8993 | auc : 0.8941
INFO:root:-- val --  val_loss : 1.2654, accuracy : 0.8889 | f1 : 0.7183 | pre : 0.8793 | recall : 0.6071 | auc : 0.9284
INFO:root:✅ get better accuracy 0.8888888888888888
INFO:root:✅ get better auc 0.9284420289855073
INFO:root:== best accuracy : 0.8888888888888888 in fold 4 epoch 8
INFO:root:== best AUC : 0.9284420289855073 in fold 4 epoch 8
INFO:root:🟢 fold 4 epoch 9
INFO:root:-- train -- loss : 0.4974 | accuracy : 0.8694 | f1 : 0.7337 | pre : 0.6196 | recall : 0.8993 | auc : 0.8806
INFO:root:-- val --  val_loss : 1.5884, accuracy : 0.2639 | f1 : 0.3880 | pre : 0.2407 | recall : 1.0000 | auc : 0.8670
INFO:root:== best accuracy : 0.8888888888888888 in fold 4 epoch 8
INFO:root:== best AUC : 0.9284420289855073 in fold 4 epoch 8
INFO:root:🟢 fold 4 epoch 10
INFO:root:-- train -- loss : 0.4693 | accuracy : 0.8806 | f1 : 0.7550 | pre : 0.6401 | recall : 0.9201 | auc : 0.8954
INFO:root:-- val --  val_loss : 0.9397, accuracy : 0.8889 | f1 : 0.7368 | pre : 0.8235 | recall : 0.6667 | auc : 0.9302
INFO:root:✅ get better auc 0.9301673567977915
INFO:root:== best accuracy : 0.8888888888888888 in fold 4 epoch 8
INFO:root:== best AUC : 0.9301673567977915 in fold 4 epoch 8
INFO:root:🟢 fold 4 epoch 11
INFO:root:-- train -- loss : 0.4377 | accuracy : 0.8910 | f1 : 0.7701 | pre : 0.6658 | recall : 0.9132 | auc : 0.8993
INFO:root:-- val --  val_loss : 0.7419, accuracy : 0.8889 | f1 : 0.7500 | pre : 0.7895 | recall : 0.7143 | auc : 0.9449
INFO:root:✅ get better auc 0.9448757763975155
INFO:root:== best accuracy : 0.8888888888888888 in fold 4 epoch 8
INFO:root:== best AUC : 0.9448757763975155 in fold 4 epoch 8
INFO:root:🟢 fold 4 epoch 12
INFO:root:-- train -- loss : 0.4087 | accuracy : 0.8944 | f1 : 0.7771 | pre : 0.6726 | recall : 0.9201 | auc : 0.9041
INFO:root:-- val --  val_loss : 0.5112, accuracy : 0.8861 | f1 : 0.7807 | pre : 0.7087 | recall : 0.8690 | auc : 0.9428
INFO:root:== best accuracy : 0.8888888888888888 in fold 4 epoch 8
INFO:root:== best AUC : 0.9448757763975155 in fold 4 epoch 8
INFO:root:🟢 fold 4 epoch 13
INFO:root:-- train -- loss : 0.4267 | accuracy : 0.8875 | f1 : 0.7632 | pre : 0.6591 | recall : 0.9062 | auc : 0.8945
INFO:root:-- val --  val_loss : 3.0760, accuracy : 0.8556 | f1 : 0.5738 | pre : 0.9211 | recall : 0.4167 | auc : 0.9180
INFO:root:== best accuracy : 0.8888888888888888 in fold 4 epoch 8
INFO:root:== best AUC : 0.9448757763975155 in fold 4 epoch 8
INFO:root:🟢 fold 4 epoch 14
INFO:root:-- train -- loss : 0.5181 | accuracy : 0.8583 | f1 : 0.7221 | pre : 0.5942 | recall : 0.9201 | auc : 0.8815
INFO:root:-- val --  val_loss : 3.8565, accuracy : 0.8000 | f1 : 0.2500 | pre : 1.0000 | recall : 0.1429 | auc : 0.9017
INFO:root:== best accuracy : 0.8888888888888888 in fold 4 epoch 8
INFO:root:== best AUC : 0.9448757763975155 in fold 4 epoch 8
INFO:root:🟢 fold 4 epoch 15
INFO:root:-- train -- loss : 0.4591 | accuracy : 0.8806 | f1 : 0.7507 | pre : 0.6443 | recall : 0.8993 | auc : 0.8876
INFO:root:-- val --  val_loss : 0.5977, accuracy : 0.8750 | f1 : 0.7541 | pre : 0.6970 | recall : 0.8214 | auc : 0.9335
INFO:root:== best accuracy : 0.8888888888888888 in fold 4 epoch 8
INFO:root:== best AUC : 0.9448757763975155 in fold 4 epoch 8
INFO:root:🟢 fold 4 epoch 16
INFO:root:-- train -- loss : 0.4507 | accuracy : 0.8924 | f1 : 0.7757 | pre : 0.6650 | recall : 0.9306 | auc : 0.9067
INFO:root:-- val --  val_loss : 1.8284, accuracy : 0.8750 | f1 : 0.6400 | pre : 0.9756 | recall : 0.4762 | auc : 0.9441
INFO:root:== best accuracy : 0.8888888888888888 in fold 4 epoch 8
INFO:root:== best AUC : 0.9448757763975155 in fold 4 epoch 8
INFO:root:🟢 fold 4 epoch 17
INFO:root:-- train -- loss : 0.3862 | accuracy : 0.8944 | f1 : 0.7778 | pre : 0.6717 | recall : 0.9236 | auc : 0.9054
INFO:root:-- val --  val_loss : 0.6185, accuracy : 0.7278 | f1 : 0.6231 | pre : 0.4602 | recall : 0.9643 | auc : 0.9390
INFO:root:== best accuracy : 0.8888888888888888 in fold 4 epoch 8
INFO:root:== best AUC : 0.9448757763975155 in fold 4 epoch 8
INFO:root:🟢 fold 4 epoch 18
INFO:root:-- train -- loss : 0.4186 | accuracy : 0.8889 | f1 : 0.7688 | pre : 0.6584 | recall : 0.9236 | auc : 0.9019
INFO:root:-- val --  val_loss : 2.1758, accuracy : 0.2583 | f1 : 0.3862 | pre : 0.2393 | recall : 1.0000 | auc : 0.8577
INFO:root:== best accuracy : 0.8888888888888888 in fold 4 epoch 8
INFO:root:== best AUC : 0.9448757763975155 in fold 4 epoch 8
INFO:root:🟢 fold 4 epoch 19
INFO:root:-- train -- loss : 0.3828 | accuracy : 0.9007 | f1 : 0.7894 | pre : 0.6854 | recall : 0.9306 | auc : 0.9119
INFO:root:-- val --  val_loss : 0.4492, accuracy : 0.8639 | f1 : 0.7562 | pre : 0.6496 | recall : 0.9048 | auc : 0.9541
INFO:root:✅ get better auc 0.9540631469979297
INFO:root:== best accuracy : 0.8888888888888888 in fold 4 epoch 8
INFO:root:== best AUC : 0.9540631469979297 in fold 4 epoch 8
INFO:root:🟢 fold 4 epoch 20
INFO:root:-- train -- loss : 0.3647 | accuracy : 0.9049 | f1 : 0.7982 | pre : 0.6931 | recall : 0.9410 | auc : 0.9184
INFO:root:-- val --  val_loss : 9.0372, accuracy : 0.7667 | f1 : 0.0000 | pre : 1.0000 | recall : 0.0000 | auc : 0.8708
INFO:root:== best accuracy : 0.8888888888888888 in fold 4 epoch 8
INFO:root:== best AUC : 0.9540631469979297 in fold 4 epoch 8
INFO:root:🟢 fold 4 epoch 21
INFO:root:-- train -- loss : 0.4370 | accuracy : 0.8896 | f1 : 0.7706 | pre : 0.6593 | recall : 0.9271 | auc : 0.9036
INFO:root:-- val --  val_loss : 1.6399, accuracy : 0.2667 | f1 : 0.3889 | pre : 0.2414 | recall : 1.0000 | auc : 0.9400
INFO:root:== best accuracy : 0.8888888888888888 in fold 4 epoch 8
INFO:root:== best AUC : 0.9540631469979297 in fold 4 epoch 8
INFO:root:🟢 fold 4 epoch 22
INFO:root:-- train -- loss : 0.3563 | accuracy : 0.9042 | f1 : 0.7953 | pre : 0.6943 | recall : 0.9306 | auc : 0.9141
INFO:root:-- val --  val_loss : 0.3884, accuracy : 0.8861 | f1 : 0.7897 | pre : 0.6937 | recall : 0.9167 | auc : 0.9618
INFO:root:✅ get better auc 0.9618271221532091
INFO:root:== best accuracy : 0.8888888888888888 in fold 4 epoch 8
INFO:root:== best AUC : 0.9618271221532091 in fold 4 epoch 8
INFO:root:🟢 fold 4 epoch 23
INFO:root:-- train -- loss : 0.3310 | accuracy : 0.9125 | f1 : 0.8131 | pre : 0.7098 | recall : 0.9514 | auc : 0.9271
INFO:root:-- val --  val_loss : 3.5170, accuracy : 0.2361 | f1 : 0.3792 | pre : 0.2340 | recall : 1.0000 | auc : 0.8518
INFO:root:== best accuracy : 0.8888888888888888 in fold 4 epoch 8
INFO:root:== best AUC : 0.9618271221532091 in fold 4 epoch 8
INFO:root:🟢 fold 4 epoch 24
INFO:root:-- train -- loss : 0.3404 | accuracy : 0.9062 | f1 : 0.8012 | pre : 0.6957 | recall : 0.9444 | auc : 0.9206
INFO:root:-- val --  val_loss : 2.1289, accuracy : 0.8889 | f1 : 0.7183 | pre : 0.8793 | recall : 0.6071 | auc : 0.9511
INFO:root:== best accuracy : 0.8888888888888888 in fold 4 epoch 8
INFO:root:== best AUC : 0.9618271221532091 in fold 4 epoch 8
INFO:root:🟢 fold 4 epoch 25
INFO:root:-- train -- loss : 0.3878 | accuracy : 0.9014 | f1 : 0.7912 | pre : 0.6862 | recall : 0.9340 | auc : 0.9136
INFO:root:-- val --  val_loss : 0.8397, accuracy : 0.6083 | f1 : 0.5316 | pre : 0.3687 | recall : 0.9524 | auc : 0.8998
INFO:root:== best accuracy : 0.8888888888888888 in fold 4 epoch 8
INFO:root:== best AUC : 0.9618271221532091 in fold 4 epoch 8
INFO:root:🟢 fold 4 epoch 26
INFO:root:-- train -- loss : 0.3594 | accuracy : 0.8938 | f1 : 0.7792 | pre : 0.6667 | recall : 0.9375 | auc : 0.9102
INFO:root:-- val --  val_loss : 0.7222, accuracy : 0.6278 | f1 : 0.5533 | pre : 0.3843 | recall : 0.9881 | auc : 0.9419
INFO:root:== best accuracy : 0.8888888888888888 in fold 4 epoch 8
INFO:root:== best AUC : 0.9618271221532091 in fold 4 epoch 8
INFO:root:🟢 fold 4 epoch 27
INFO:root:-- train -- loss : 0.3705 | accuracy : 0.8896 | f1 : 0.7732 | pre : 0.6562 | recall : 0.9410 | auc : 0.9089
INFO:root:-- val --  val_loss : 1.5437, accuracy : 0.2528 | f1 : 0.3844 | pre : 0.2380 | recall : 1.0000 | auc : 0.9499
INFO:root:== best accuracy : 0.8888888888888888 in fold 4 epoch 8
INFO:root:== best AUC : 0.9618271221532091 in fold 4 epoch 8
INFO:root:🟢 fold 4 epoch 28
INFO:root:-- train -- loss : 0.3484 | accuracy : 0.9160 | f1 : 0.8186 | pre : 0.7203 | recall : 0.9479 | auc : 0.9280
INFO:root:-- val --  val_loss : 0.9551, accuracy : 0.5111 | f1 : 0.4884 | pre : 0.3231 | recall : 1.0000 | auc : 0.9348
INFO:root:== best accuracy : 0.8888888888888888 in fold 4 epoch 8
INFO:root:== best AUC : 0.9618271221532091 in fold 4 epoch 8
INFO:root:🟢 fold 4 epoch 29
INFO:root:-- train -- loss : 0.3382 | accuracy : 0.9097 | f1 : 0.8065 | pre : 0.7057 | recall : 0.9410 | auc : 0.9214
INFO:root:-- val --  val_loss : 2.0281, accuracy : 0.8778 | f1 : 0.7027 | pre : 0.8125 | recall : 0.6190 | auc : 0.9392
INFO:root:== best accuracy : 0.8888888888888888 in fold 4 epoch 8
INFO:root:== best AUC : 0.9618271221532091 in fold 4 epoch 8
INFO:root:🟢 fold 4 epoch 30
INFO:root:-- train -- loss : 0.3135 | accuracy : 0.9139 | f1 : 0.8160 | pre : 0.7124 | recall : 0.9549 | auc : 0.9293
INFO:root:-- val --  val_loss : 1.9086, accuracy : 0.8833 | f1 : 0.7123 | pre : 0.8387 | recall : 0.6190 | auc : 0.9569
INFO:root:== best accuracy : 0.8888888888888888 in fold 4 epoch 8
INFO:root:== best AUC : 0.9618271221532091 in fold 4 epoch 8
INFO:root:🟢 fold 4 epoch 31
INFO:root:-- train -- loss : 0.3537 | accuracy : 0.9035 | f1 : 0.7959 | pre : 0.6896 | recall : 0.9410 | auc : 0.9175
INFO:root:-- val --  val_loss : 0.5580, accuracy : 0.8972 | f1 : 0.7836 | pre : 0.7701 | recall : 0.7976 | auc : 0.9582
INFO:root:✅ get better accuracy 0.8972222222222223
INFO:root:== best accuracy : 0.8972222222222223 in fold 4 epoch 31
INFO:root:== best AUC : 0.9618271221532091 in fold 4 epoch 31
INFO:root:🟢 fold 4 epoch 32
INFO:root:-- train -- loss : 0.3437 | accuracy : 0.8993 | f1 : 0.7902 | pre : 0.6774 | recall : 0.9479 | auc : 0.9175
INFO:root:-- val --  val_loss : 2.5617, accuracy : 0.8444 | f1 : 0.5172 | pre : 0.9375 | recall : 0.3571 | auc : 0.9356
INFO:root:Early stop ! 
